Flow report for PCIe_Mem
Mon Oct 11 16:14:11 2021
Quartus Prime Version 16.0.0 Build 211 04/27/2016 SJ Standard Edition


---------------------
; Table of Contents ;
---------------------
  1. Legal Notice
  2. Flow Summary
  3. Flow Settings
  4. Flow Non-Default Global Settings
  5. Flow Elapsed Time
  6. Flow OS Summary
  7. Flow Log
  8. Flow Messages
  9. Flow Suppressed Messages



----------------
; Legal Notice ;
----------------
Copyright (C) 1991-2016 Altera Corporation. All rights reserved.
Your use of Altera Corporation's design tools, logic functions 
and other software and tools, and its AMPP partner logic 
functions, and any output files from any of the foregoing 
(including device programming or simulation files), and any 
associated documentation or information are expressly subject 
to the terms and conditions of the Altera Program License 
Subscription Agreement, the Altera Quartus Prime License Agreement,
the Altera MegaCore Function License Agreement, or other 
applicable license agreement, including, without limitation, 
that your use is for the sole purpose of programming logic 
devices manufactured by Altera and sold by Altera or its 
authorized distributors.  Please refer to the applicable 
agreement for further details.



+-------------------------------------------------------------------------------+
; Flow Summary                                                                  ;
+-----------------------------+-------------------------------------------------+
; Flow Status                 ; Flow Failed - Mon Oct 11 16:14:11 2021          ;
; Quartus Prime Version       ; 16.0.0 Build 211 04/27/2016 SJ Standard Edition ;
; Revision Name               ; PCIe_Mem                                        ;
; Top-level Entity Name       ; mem_test_sm                                     ;
; Family                      ; Stratix V                                       ;
; Device                      ; 5SGXEA3K3F40C4                                  ;
; Timing Models               ; Final                                           ;
; Logic utilization (in ALMs) ; N/A until Partition Merge                       ;
; Total registers             ; N/A until Partition Merge                       ;
; Total pins                  ; N/A until Partition Merge                       ;
; Total virtual pins          ; N/A until Partition Merge                       ;
; Total block memory bits     ; N/A until Partition Merge                       ;
; Total PLLs                  ; N/A until Partition Merge                       ;
; Total DLLs                  ; N/A until Partition Merge                       ;
+-----------------------------+-------------------------------------------------+


+-----------------------------------------+
; Flow Settings                           ;
+-------------------+---------------------+
; Option            ; Setting             ;
+-------------------+---------------------+
; Start date & time ; 10/11/2021 16:14:00 ;
; Main task         ; Compilation         ;
; Revision Name     ; PCIe_Mem            ;
+-------------------+---------------------+


+-------------------------------------------------------------------------------------------------------------------------------------------------------------------------------+
; Flow Non-Default Global Settings                                                                                                                                              ;
+---------------------------------------+-------------------------------------------------------------------+---------------+---------------+-----------------------------------+
; Assignment Name                       ; Value                                                             ; Default Value ; Entity Name   ; Section Id                        ;
+---------------------------------------+-------------------------------------------------------------------+---------------+---------------+-----------------------------------+
; COMPILER_SIGNATURE_ID                 ; 14038011130490.163398684026723                                    ; --            ; --            ; --                                ;
; ECO_REGENERATE_REPORT                 ; On                                                                ; Off           ; --            ; --                                ;
; EDA_GENERATE_FUNCTIONAL_NETLIST       ; Off                                                               ; --            ; --            ; eda_board_design_timing           ;
; EDA_GENERATE_FUNCTIONAL_NETLIST       ; Off                                                               ; --            ; --            ; eda_board_design_boundary_scan    ;
; EDA_GENERATE_FUNCTIONAL_NETLIST       ; Off                                                               ; --            ; --            ; eda_board_design_signal_integrity ;
; EDA_GENERATE_FUNCTIONAL_NETLIST       ; Off                                                               ; --            ; --            ; eda_board_design_symbol           ;
; EDA_OUTPUT_DATA_FORMAT                ; Verilog Hdl                                                       ; --            ; --            ; eda_simulation                    ;
; EDA_RUN_TOOL_AUTOMATICALLY            ; Off                                                               ; --            ; --            ; eda_simulation                    ;
; EDA_SIMULATION_TOOL                   ; ModelSim (Verilog)                                                ; <None>        ; --            ; --                                ;
; EDA_TIME_SCALE                        ; 1 ps                                                              ; --            ; --            ; eda_simulation                    ;
; ENABLE_LOGIC_ANALYZER_INTERFACE       ; On                                                                ; --            ; --            ; --                                ;
; ENABLE_SIGNALTAP                      ; On                                                                ; --            ; --            ; --                                ;
; FLOW_ENABLE_RTL_VIEWER                ; On                                                                ; Off           ; --            ; --                                ;
; IP_SEARCH_PATHS                       ; /home/grads/t/teko/dfc/dfc_bk2/DFC_FPGA/IPCORE/pcie_hip_avmm/pgtb ; --            ; --            ; --                                ;
; MAX_CORE_JUNCTION_TEMP                ; 85                                                                ; --            ; --            ; --                                ;
; MIN_CORE_JUNCTION_TEMP                ; 0                                                                 ; --            ; --            ; --                                ;
; MISC_FILE                             ; IPCORE/fifo/fifo32x64_inst.vhd                                    ; --            ; --            ; --                                ;
; MISC_FILE                             ; IPCORE/fifo/fifo32x64.cmp                                         ; --            ; --            ; --                                ;
; MISC_FILE                             ; IPCORE/pcie_hip_avmm/synthesis/../pcie_hip_avmm.cmp               ; --            ; --            ; --                                ;
; MISC_FILE                             ; IPCORE/pcie_hip_avmm/synthesis/../../pcie_hip_avmm.qsys           ; --            ; --            ; --                                ;
; MISC_FILE                             ; IPCORE/pcie_hip_avmm/synthesis/submodules/alt_mem_ddrx_define.iv  ; --            ; --            ; --                                ;
; MISC_FILE                             ; IPCORE/asmi/synthesis/../asmi.cmp                                 ; --            ; --            ; --                                ;
; MISC_FILE                             ; IPCORE/asmi/synthesis/../../asmi.qsys                             ; --            ; --            ; --                                ;
; MISC_FILE                             ; IPCORE/pll/pll_50.cmp                                             ; --            ; --            ; --                                ;
; MISC_FILE                             ; IPCORE/pll/pll.cmp                                                ; --            ; --            ; --                                ;
; NUM_PARALLEL_PROCESSORS               ; All                                                               ; --            ; --            ; --                                ;
; OUTPUT_IO_TIMING_FAR_END_VMEAS        ; Half Signal Swing                                                 ; --            ; --            ; --                                ;
; OUTPUT_IO_TIMING_FAR_END_VMEAS        ; Half Signal Swing                                                 ; --            ; --            ; --                                ;
; OUTPUT_IO_TIMING_NEAR_END_VMEAS       ; Half Vccio                                                        ; --            ; --            ; --                                ;
; OUTPUT_IO_TIMING_NEAR_END_VMEAS       ; Half Vccio                                                        ; --            ; --            ; --                                ;
; PARTITION_COLOR                       ; 16764057                                                          ; --            ; mem_test_sm   ; Top                               ;
; PARTITION_FITTER_PRESERVATION_LEVEL   ; PLACEMENT_AND_ROUTING                                             ; --            ; mem_test_sm   ; Top                               ;
; PARTITION_NETLIST_TYPE                ; SOURCE                                                            ; --            ; mem_test_sm   ; Top                               ;
; POWER_BOARD_THERMAL_MODEL             ; None (CONSERVATIVE)                                               ; --            ; --            ; --                                ;
; POWER_PRESET_COOLING_SOLUTION         ; 23 MM HEAT SINK WITH 200 LFPM AIRFLOW                             ; --            ; --            ; --                                ;
; PROJECT_OUTPUT_DIRECTORY              ; output_files                                                      ; --            ; --            ; --                                ;
; SLD_FILE                              ; IPCORE/pcie_hip_avmm/synthesis/pcie_hip_avmm.debuginfo            ; --            ; --            ; --                                ;
; SLD_FILE                              ; IPCORE/asmi/synthesis/asmi.debuginfo                              ; --            ; --            ; --                                ;
; SLD_INFO                              ; QSYS_NAME asmi HAS_SOPCINFO 1 GENERATION_ID 1464990528            ; --            ; asmi          ; --                                ;
; SLD_INFO                              ; QSYS_NAME pcie_hip_avmm HAS_SOPCINFO 1 GENERATION_ID 1521401078   ; --            ; pcie_hip_avmm ; --                                ;
; SOPCINFO_FILE                         ; IPCORE/pcie_hip_avmm/synthesis/../../pcie_hip_avmm.sopcinfo       ; --            ; --            ; --                                ;
; SOPCINFO_FILE                         ; IPCORE/asmi/synthesis/../../asmi.sopcinfo                         ; --            ; --            ; --                                ;
; SYNTHESIS_ONLY_QIP                    ; On                                                                ; --            ; --            ; --                                ;
; SYNTHESIS_ONLY_QIP                    ; On                                                                ; --            ; --            ; --                                ;
; SYNTHESIS_ONLY_QIP                    ; On                                                                ; --            ; --            ; --                                ;
; SYNTHESIS_ONLY_QIP                    ; On                                                                ; --            ; --            ; --                                ;
; TOP_LEVEL_ENTITY                      ; mem_test_sm                                                       ; PCIe_Mem      ; --            ; --                                ;
; USE_DLL_FREQUENCY_FOR_DQS_DELAY_CHAIN ; On                                                                ; Off           ; --            ; --                                ;
; USE_SIGNALTAP_FILE                    ; counters.stp                                                      ; --            ; --            ; --                                ;
+---------------------------------------+-------------------------------------------------------------------+---------------+---------------+-----------------------------------+


+--------------------------------------------------------------------------------------------------------------------------+
; Flow Elapsed Time                                                                                                        ;
+----------------------+--------------+-------------------------+---------------------+------------------------------------+
; Module Name          ; Elapsed Time ; Average Processors Used ; Peak Virtual Memory ; Total CPU Time (on all processors) ;
+----------------------+--------------+-------------------------+---------------------+------------------------------------+
; Analysis & Synthesis ; 00:00:14     ; 1.0                     ; 1367 MB             ; 00:00:34                           ;
; Total                ; 00:00:14     ; --                      ; --                  ; 00:00:34                           ;
+----------------------+--------------+-------------------------+---------------------+------------------------------------+


+---------------------------------------------------------------------------------------+
; Flow OS Summary                                                                       ;
+----------------------+------------------+---------------+------------+----------------+
; Module Name          ; Machine Hostname ; OS Name       ; OS Version ; Processor type ;
+----------------------+------------------+---------------+------------+----------------+
; Analysis & Synthesis ; ECEWKGSW052E01   ; This computer ; 29         ; x86_64         ;
+----------------------+------------------+---------------+------------+----------------+


------------
; Flow Log ;
------------
quartus_map --read_settings_files=on --write_settings_files=off PCIe_Mem -c PCIe_Mem



